<?xml version="1.0" encoding="UTF-8"?>
<!-- Generated by org.testng.reporters.JUnitReportReporter -->
<testsuite skipped="0" hostname="SRG2304" name="com.class01.test" tests="1" failures="0" timestamp="30 May 2019 05:08:16 GMT" time="0.013" errors="0">
  <testcase name="testDemo" time="0.013" classname="com.class01.test"/>
</testsuite> <!-- com.class01.test -->
